# JRE version: Java(TM) SE Runtime Environment 18.9 (11.0.11+9) (build 11.0.11+9-LTS-194)
# Java VM: Java HotSpot(TM) 64-Bit Server VM 18.9 (11.0.11+9-LTS-194, mixed mode, tiered, compressed oops, parallel gc, windows-amd64)
Heap:
 PSYoungGen      total 14336K, used 5632K [0x00000000eab00000, 0x00000000ed800000, 0x0000000100000000)
  eden space 8704K, 0% used [0x00000000eab00000,0x00000000eab00000,0x00000000eb380000)
  from space 5632K, 100% used [0x00000000ec180000,0x00000000ec700000,0x00000000ec700000)
  to   space 14336K, 0% used [0x00000000eb380000,0x00000000eb380000,0x00000000ec180000)
 ParOldGen       total 91648K, used 91154K [0x00000000c0000000, 0x00000000c5980000, 0x00000000eab00000)
  object space 91648K, 99% used [0x00000000c0000000,0x00000000c59049d0,0x00000000c5980000)
 Metaspace       used 53195K, capacity 55938K, committed 56064K, reserved 1099776K
  class space    used 5337K, capacity 6349K, committed 6400K, reserved 1048576K
GC Heap History (10 events):
Event: 53.785 GC heap after
{Heap after GC invocations=20 (full 2):
 PSYoungGen      total 19968K, used 2185K [0x00000000eab00000, 0x00000000ec200000, 0x0000000100000000)
  eden space 17408K, 0% used [0x00000000eab00000,0x00000000eab00000,0x00000000ebc00000)
  from space 2560K, 85% used [0x00000000ebf80000,0x00000000ec1a24e8,0x00000000ec200000)
  to   space 2560K, 0% used [0x00000000ebd00000,0x00000000ebd00000,0x00000000ebf80000)
 ParOldGen       total 68608K, used 37697K [0x00000000c0000000, 0x00000000c4300000, 0x00000000eab00000)
  object space 68608K, 54% used [0x00000000c0000000,0x00000000c24d0520,0x00000000c4300000)
 Metaspace       used 53061K, capacity 55807K, committed 56064K, reserved 1099776K
  class space    used 5324K, capacity 6348K, committed 6400K, reserved 1048576K
}
Event: 54.467 GC heap before
{Heap before GC invocations=21 (full 2):
 PSYoungGen      total 19968K, used 18719K [0x00000000eab00000, 0x00000000ec200000, 0x0000000100000000)
  eden space 17408K, 94% used [0x00000000eab00000,0x00000000ebb25790,0x00000000ebc00000)
  from space 2560K, 85% used [0x00000000ebf80000,0x00000000ec1a24e8,0x00000000ec200000)
  to   space 2560K, 0% used [0x00000000ebd00000,0x00000000ebd00000,0x00000000ebf80000)
 ParOldGen       total 68608K, used 37697K [0x00000000c0000000, 0x00000000c4300000, 0x00000000eab00000)
  object space 68608K, 54% used [0x00000000c0000000,0x00000000c24d0520,0x00000000c4300000)
 Metaspace       used 53145K, capacity 55874K, committed 56064K, reserved 1099776K
  class space    used 5332K, capacity 6349K, committed 6400K, reserved 1048576K
}
Event: 54.474 GC heap after
{Heap after GC invocations=21 (full 2):
 PSYoungGen      total 18944K, used 1417K [0x00000000eab00000, 0x00000000ec000000, 0x0000000100000000)
  eden space 17408K, 0% used [0x00000000eab00000,0x00000000eab00000,0x00000000ebc00000)
  from space 1536K, 92% used [0x00000000ebd00000,0x00000000ebe62780,0x00000000ebe80000)
  to   space 1536K, 0% used [0x00000000ebe80000,0x00000000ebe80000,0x00000000ec000000)
 ParOldGen       total 68608K, used 39689K [0x00000000c0000000, 0x00000000c4300000, 0x00000000eab00000)
  object space 68608K, 57% used [0x00000000c0000000,0x00000000c26c2670,0x00000000c4300000)
 Metaspace       used 53145K, capacity 55874K, committed 56064K, reserved 1099776K
  class space    used 5332K, capacity 6349K, committed 6400K, reserved 1048576K
}
Event: 54.786 GC heap before
{Heap before GC invocations=22 (full 2):
 PSYoungGen      total 18944K, used 13533K [0x00000000eab00000, 0x00000000ec000000, 0x0000000100000000)
  eden space 17408K, 69% used [0x00000000eab00000,0x00000000eb6d4fe0,0x00000000ebc00000)
  from space 1536K, 92% used [0x00000000ebd00000,0x00000000ebe62780,0x00000000ebe80000)
  to   space 1536K, 0% used [0x00000000ebe80000,0x00000000ebe80000,0x00000000ec000000)
 ParOldGen       total 68608K, used 39689K [0x00000000c0000000, 0x00000000c4300000, 0x00000000eab00000)
  object space 68608K, 57% used [0x00000000c0000000,0x00000000c26c2670,0x00000000c4300000)
 Metaspace       used 53170K, capacity 55938K, committed 56064K, reserved 1099776K
  class space    used 5335K, capacity 6349K, committed 6400K, reserved 1048576K
}
Event: 54.793 GC heap after
{Heap after GC invocations=22 (full 2):
 PSYoungGen      total 18944K, used 1385K [0x00000000eab00000, 0x00000000ec000000, 0x0000000100000000)
  eden space 17408K, 0% used [0x00000000eab00000,0x00000000eab00000,0x00000000ebc00000)
  from space 1536K, 90% used [0x00000000ebe80000,0x00000000ebfda780,0x00000000ec000000)
  to   space 1536K, 0% used [0x00000000ebd00000,0x00000000ebd00000,0x00000000ebe80000)
 ParOldGen       total 68608K, used 43575K [0x00000000c0000000, 0x00000000c4300000, 0x00000000eab00000)
  object space 68608K, 63% used [0x00000000c0000000,0x00000000c2a8de80,0x00000000c4300000)
 Metaspace       used 53170K, capacity 55938K, committed 56064K, reserved 1099776K
  class space    used 5335K, capacity 6349K, committed 6400K, reserved 1048576K
}
Event: 55.266 GC heap before
{Heap before GC invocations=23 (full 2):
 PSYoungGen      total 18944K, used 18793K [0x00000000eab00000, 0x00000000ec000000, 0x0000000100000000)
  eden space 17408K, 100% used [0x00000000eab00000,0x00000000ebc00000,0x00000000ebc00000)
  from space 1536K, 90% used [0x00000000ebe80000,0x00000000ebfda780,0x00000000ec000000)
  to   space 1536K, 0% used [0x00000000ebd00000,0x00000000ebd00000,0x00000000ebe80000)
 ParOldGen       total 91136K, used 80914K [0x00000000c0000000, 0x00000000c5900000, 0x00000000eab00000)
  object space 91136K, 88% used [0x00000000c0000000,0x00000000c4f049d0,0x00000000c5900000)
 Metaspace       used 53191K, capacity 55938K, committed 56064K, reserved 1099776K
  class space    used 5337K, capacity 6349K, committed 6400K, reserved 1048576K
}
Event: 55.275 GC heap after
{Heap after GC invocations=23 (full 2):
 PSYoungGen      total 18944K, used 1536K [0x00000000eab00000, 0x00000000ec700000, 0x0000000100000000)
  eden space 17408K, 0% used [0x00000000eab00000,0x00000000eab00000,0x00000000ebc00000)
  from space 1536K, 100% used [0x00000000ebd00000,0x00000000ebe80000,0x00000000ebe80000)
  to   space 5632K, 0% used [0x00000000ec180000,0x00000000ec180000,0x00000000ec700000)
 ParOldGen       total 91136K, used 84002K [0x00000000c0000000, 0x00000000c5900000, 0x00000000eab00000)
  object space 91136K, 92% used [0x00000000c0000000,0x00000000c52089d0,0x00000000c5900000)
 Metaspace       used 53191K, capacity 55938K, committed 56064K, reserved 1099776K
  class space    used 5337K, capacity 6349K, committed 6400K, reserved 1048576K
}
Event: 55.424 GC heap before
{Heap before GC invocations=24 (full 2):
 PSYoungGen      total 18944K, used 18944K [0x00000000eab00000, 0x00000000ec700000, 0x0000000100000000)
  eden space 17408K, 100% used [0x00000000eab00000,0x00000000ebc00000,0x00000000ebc00000)
  from space 1536K, 100% used [0x00000000ebd00000,0x00000000ebe80000,0x00000000ebe80000)
  to   space 5632K, 0% used [0x00000000ec180000,0x00000000ec180000,0x00000000ec700000)
 ParOldGen       total 91136K, used 84002K [0x00000000c0000000, 0x00000000c5900000, 0x00000000eab00000)
  object space 91136K, 92% used [0x00000000c0000000,0x00000000c52089d0,0x00000000c5900000)
 Metaspace       used 53195K, capacity 55938K, committed 56064K, reserved 1099776K
  class space    used 5337K, capacity 6349K, committed 6400K, reserved 1048576K
}
Event: 55.458 GC heap after
{Heap after GC invocations=24 (full 2):
 PSYoungGen      total 14336K, used 5632K [0x00000000eab00000, 0x00000000ed800000, 0x0000000100000000)
  eden space 8704K, 0% used [0x00000000eab00000,0x00000000eab00000,0x00000000eb380000)
  from space 5632K, 100% used [0x00000000ec180000,0x00000000ec700000,0x00000000ec700000)
  to   space 14336K, 0% used [0x00000000eb380000,0x00000000eb380000,0x00000000ec180000)
 ParOldGen       total 91648K, used 91154K [0x00000000c0000000, 0x00000000c5980000, 0x00000000eab00000)
  object space 91648K, 99% used [0x00000000c0000000,0x00000000c59049d0,0x00000000c5980000)
 Metaspace       used 53195K, capacity 55938K, committed 56064K, reserved 1099776K
  class space    used 5337K, capacity 6349K, committed 6400K, reserved 1048576K
}
Event: 55.458 GC heap before
{Heap before GC invocations=25 (full 3):
 PSYoungGen      total 14336K, used 5632K [0x00000000eab00000, 0x00000000ed800000, 0x0000000100000000)
  eden space 8704K, 0% used [0x00000000eab00000,0x00000000eab00000,0x00000000eb380000)
  from space 5632K, 100% used [0x00000000ec180000,0x00000000ec700000,0x00000000ec700000)
  to   space 14336K, 0% used [0x00000000eb380000,0x00000000eb380000,0x00000000ec180000)
 ParOldGen       total 91648K, used 91154K [0x00000000c0000000, 0x00000000c5980000, 0x00000000eab00000)
  object space 91648K, 99% used [0x00000000c0000000,0x00000000c59049d0,0x00000000c5980000)
 Metaspace       used 53195K, capacity 55938K, committed 56064K, reserved 1099776K
  class space    used 5337K, capacity 6349K, committed 6400K, reserved 1048576K
}

